FUNCTION  BuildFoo()
Called 1 time
Total time:   0.006351
 Self time:   0.006351

count  total (s)   self (s)
    1              0.000704   exec "norm! /m\<cr>"
    1              0.000008   let g:foomatches = []
                              "TODO: need to deal with the 'offset' returned by getpos() if virtualedit=all
    1              0.000010   let p1 = getpos(".") "first match postion
    1              0.000007   call add(g:foomatches, p1)
  201              0.000236   for i in range(1, 200)
  200              0.002988     exec "norm! n\<cr>"
  200              0.000709     let p = getpos(".")
  200              0.000639     if p1[1] == p[1] && p1[2] == p[2]
                                  break
                                endif
  200              0.000463     call add(g:foomatches, p)
  200              0.000152   endfor

FUNCTIONS SORTED ON TOTAL TIME
count  total (s)   self (s)  function
    1   0.006351             BuildFoo()

FUNCTIONS SORTED ON SELF TIME
count  total (s)   self (s)  function
    1              0.006351  BuildFoo()

